# JRE version: Java(TM) SE Runtime Environment (17.0.7+8) (build 17.0.7+8-LTS-224)
# Java VM: Java HotSpot(TM) 64-Bit Server VM (17.0.7+8-LTS-224, mixed mode, sharing, tiered, compressed oops, compressed class ptrs, g1 gc, bsd-amd64)
GC Precious Log:
 CPUs: 16 total, 16 available
 Memory: 32768M
 Large Page Support: Disabled
 NUMA Support: Disabled
 Compressed Oops: Enabled (Zero based)
 Heap Region Size: 4M
 Heap Min Capacity: 8M
 Heap Initial Capacity: 512M
 Heap Max Capacity: 8G
 Pre-touch: Disabled
 Parallel Workers: 13
 Concurrent Workers: 3
 Concurrent Refinement Workers: 13
 Periodic GC: Disabled
Heap:
 garbage-first heap   total 110592K, used 27605K [0x0000000600000000, 0x0000000800000000)
  region size 4096K, 4 young (16384K), 1 survivors (4096K)
 Metaspace       used 38167K, committed 38592K, reserved 1089536K
  class space    used 5047K, committed 5248K, reserved 1048576K
GC Heap History (12 events):
Event: 0.388 GC heap before
{Heap before GC invocations=0 (full 0):
 garbage-first heap   total 532480K, used 28628K [0x0000000600000000, 0x0000000800000000)
  region size 4096K, 6 young (24576K), 0 survivors (0K)
 Metaspace       used 5313K, committed 5504K, reserved 1056768K
  class space    used 676K, committed 768K, reserved 1048576K
}
Event: 0.391 GC heap after
{Heap after GC invocations=1 (full 0):
 garbage-first heap   total 532480K, used 9283K [0x0000000600000000, 0x0000000800000000)
  region size 4096K, 1 young (4096K), 1 survivors (4096K)
 Metaspace       used 5313K, committed 5504K, reserved 1056768K
  class space    used 676K, committed 768K, reserved 1048576K
}
Event: 0.688 GC heap before
{Heap before GC invocations=1 (full 0):
 garbage-first heap   total 532480K, used 29763K [0x0000000600000000, 0x0000000800000000)
  region size 4096K, 6 young (24576K), 1 survivors (4096K)
 Metaspace       used 10669K, committed 10880K, reserved 1064960K
  class space    used 1385K, committed 1472K, reserved 1048576K
}
Event: 0.692 GC heap after
{Heap after GC invocations=2 (full 0):
 garbage-first heap   total 532480K, used 11102K [0x0000000600000000, 0x0000000800000000)
  region size 4096K, 1 young (4096K), 1 survivors (4096K)
 Metaspace       used 10669K, committed 10880K, reserved 1064960K
  class space    used 1385K, committed 1472K, reserved 1048576K
}
Event: 1.357 GC heap before
{Heap before GC invocations=2 (full 0):
 garbage-first heap   total 532480K, used 60254K [0x0000000600000000, 0x0000000800000000)
  region size 4096K, 14 young (57344K), 1 survivors (4096K)
 Metaspace       used 21134K, committed 21504K, reserved 1073152K
  class space    used 2733K, committed 2944K, reserved 1048576K
}
Event: 1.361 GC heap after
{Heap after GC invocations=3 (full 0):
 garbage-first heap   total 532480K, used 14783K [0x0000000600000000, 0x0000000800000000)
  region size 4096K, 2 young (8192K), 2 survivors (8192K)
 Metaspace       used 21134K, committed 21504K, reserved 1073152K
  class space    used 2733K, committed 2944K, reserved 1048576K
}
Event: 1.952 GC heap before
{Heap before GC invocations=4 (full 0):
 garbage-first heap   total 98304K, used 63935K [0x0000000600000000, 0x0000000800000000)
  region size 4096K, 14 young (57344K), 2 survivors (8192K)
 Metaspace       used 31919K, committed 32256K, reserved 1081344K
  class space    used 4244K, committed 4416K, reserved 1048576K
}
Event: 1.958 GC heap after
{Heap after GC invocations=5 (full 0):
 garbage-first heap   total 98304K, used 18439K [0x0000000600000000, 0x0000000800000000)
  region size 4096K, 2 young (8192K), 2 survivors (8192K)
 Metaspace       used 31919K, committed 32256K, reserved 1081344K
  class space    used 4244K, committed 4416K, reserved 1048576K
}
Event: 2.105 GC heap before
{Heap before GC invocations=5 (full 0):
 garbage-first heap   total 98304K, used 18439K [0x0000000600000000, 0x0000000800000000)
  region size 4096K, 3 young (12288K), 2 survivors (8192K)
 Metaspace       used 34322K, committed 34752K, reserved 1081344K
  class space    used 4553K, committed 4736K, reserved 1048576K
}
Event: 2.110 GC heap after
{Heap after GC invocations=6 (full 0):
 garbage-first heap   total 98304K, used 19674K [0x0000000600000000, 0x0000000800000000)
  region size 4096K, 1 young (4096K), 1 survivors (4096K)
 Metaspace       used 34322K, committed 34752K, reserved 1081344K
  class space    used 4553K, committed 4736K, reserved 1048576K
}
Event: 2.201 GC heap before
{Heap before GC invocations=6 (full 0):
 garbage-first heap   total 98304K, used 23770K [0x0000000600000000, 0x0000000800000000)
  region size 4096K, 3 young (12288K), 1 survivors (4096K)
 Metaspace       used 35589K, committed 35968K, reserved 1081344K
  class space    used 4723K, committed 4928K, reserved 1048576K
}
Event: 2.203 GC heap after
{Heap after GC invocations=7 (full 0):
 garbage-first heap   total 311296K, used 19413K [0x0000000600000000, 0x0000000800000000)
  region size 4096K, 1 young (4096K), 1 survivors (4096K)
 Metaspace       used 35589K, committed 35968K, reserved 1081344K
  class space    used 4723K, committed 4928K, reserved 1048576K
}

