# JRE version: Java(TM) SE Runtime Environment (17.0.7+8) (build 17.0.7+8-LTS-224)
# Java VM: Java HotSpot(TM) 64-Bit Server VM (17.0.7+8-LTS-224, mixed mode, emulated-client, sharing, tiered, compressed oops, compressed class ptrs, g1 gc, bsd-amd64)
GC Precious Log:
 CPUs: 16 total, 16 available
 Memory: 32768M
 Large Page Support: Disabled
 NUMA Support: Disabled
 Compressed Oops: Enabled (Zero based)
 Heap Region Size: 4M
 Heap Min Capacity: 8M
 Heap Initial Capacity: 512M
 Heap Max Capacity: 8G
 Pre-touch: Disabled
 Parallel Workers: 13
 Concurrent Workers: 3
 Concurrent Refinement Workers: 13
 Periodic GC: Disabled
Heap:
 garbage-first heap   total 98304K, used 38881K [0x0000000600000000, 0x0000000800000000)
  region size 4096K, 7 young (28672K), 1 survivors (4096K)
 Metaspace       used 35676K, committed 36160K, reserved 1081344K
  class space    used 4834K, committed 5056K, reserved 1048576K
GC Heap History (10 events):
Event: 0.790 GC heap before
{Heap before GC invocations=0 (full 0):
 garbage-first heap   total 532480K, used 28628K [0x0000000600000000, 0x0000000800000000)
  region size 4096K, 6 young (24576K), 0 survivors (0K)
 Metaspace       used 6536K, committed 6720K, reserved 1056768K
  class space    used 815K, committed 896K, reserved 1048576K
}
Event: 0.794 GC heap after
{Heap after GC invocations=1 (full 0):
 garbage-first heap   total 532480K, used 8935K [0x0000000600000000, 0x0000000800000000)
  region size 4096K, 1 young (4096K), 1 survivors (4096K)
 Metaspace       used 6536K, committed 6720K, reserved 1056768K
  class space    used 815K, committed 896K, reserved 1048576K
}
Event: 1.018 GC heap before
{Heap before GC invocations=1 (full 0):
 garbage-first heap   total 532480K, used 25319K [0x0000000600000000, 0x0000000800000000)
  region size 4096K, 6 young (24576K), 1 survivors (4096K)
 Metaspace       used 10554K, committed 10752K, reserved 1064960K
  class space    used 1457K, committed 1536K, reserved 1048576K
}
Event: 1.021 GC heap after
{Heap after GC invocations=2 (full 0):
 garbage-first heap   total 532480K, used 10699K [0x0000000600000000, 0x0000000800000000)
  region size 4096K, 1 young (4096K), 1 survivors (4096K)
 Metaspace       used 10554K, committed 10752K, reserved 1064960K
  class space    used 1457K, committed 1536K, reserved 1048576K
}
Event: 1.517 GC heap before
{Heap before GC invocations=2 (full 0):
 garbage-first heap   total 532480K, used 68043K [0x0000000600000000, 0x0000000800000000)
  region size 4096K, 16 young (65536K), 1 survivors (4096K)
 Metaspace       used 21123K, committed 21504K, reserved 1073152K
  class space    used 2757K, committed 2944K, reserved 1048576K
}
Event: 1.521 GC heap after
{Heap after GC invocations=3 (full 0):
 garbage-first heap   total 532480K, used 14375K [0x0000000600000000, 0x0000000800000000)
  region size 4096K, 2 young (8192K), 2 survivors (8192K)
 Metaspace       used 21123K, committed 21504K, reserved 1073152K
  class space    used 2757K, committed 2944K, reserved 1048576K
}
Event: 12.043 GC heap before
{Heap before GC invocations=4 (full 0):
 garbage-first heap   total 98304K, used 63527K [0x0000000600000000, 0x0000000800000000)
  region size 4096K, 14 young (57344K), 2 survivors (8192K)
 Metaspace       used 28679K, committed 29120K, reserved 1081344K
  class space    used 3937K, committed 4160K, reserved 1048576K
}
Event: 12.048 GC heap after
{Heap after GC invocations=5 (full 0):
 garbage-first heap   total 98304K, used 17299K [0x0000000600000000, 0x0000000800000000)
  region size 4096K, 2 young (8192K), 2 survivors (8192K)
 Metaspace       used 28679K, committed 29120K, reserved 1081344K
  class space    used 3937K, committed 4160K, reserved 1048576K
}
Event: 12.111 GC heap before
{Heap before GC invocations=5 (full 0):
 garbage-first heap   total 98304K, used 17299K [0x0000000600000000, 0x0000000800000000)
  region size 4096K, 3 young (12288K), 2 survivors (8192K)
 Metaspace       used 30473K, committed 30848K, reserved 1081344K
  class space    used 4174K, committed 4352K, reserved 1048576K
}
Event: 12.116 GC heap after
{Heap after GC invocations=6 (full 0):
 garbage-first heap   total 98304K, used 18401K [0x0000000600000000, 0x0000000800000000)
  region size 4096K, 1 young (4096K), 1 survivors (4096K)
 Metaspace       used 30473K, committed 30848K, reserved 1081344K
  class space    used 4174K, committed 4352K, reserved 1048576K
}

