# JRE version: Java(TM) SE Runtime Environment (17.0.7+8) (build 17.0.7+8-LTS-224)
# Java VM: Java HotSpot(TM) 64-Bit Server VM (17.0.7+8-LTS-224, mixed mode, sharing, tiered, compressed oops, compressed class ptrs, g1 gc, bsd-amd64)
GC Precious Log:
 CPUs: 16 total, 16 available
 Memory: 32768M
 Large Page Support: Disabled
 NUMA Support: Disabled
 Compressed Oops: Enabled (Zero based)
 Heap Region Size: 4M
 Heap Min Capacity: 8M
 Heap Initial Capacity: 512M
 Heap Max Capacity: 8G
 Pre-touch: Disabled
 Parallel Workers: 13
 Concurrent Workers: 3
 Concurrent Refinement Workers: 13
 Periodic GC: Disabled
Heap:
 garbage-first heap   total 98304K, used 27744K [0x0000000600000000, 0x0000000800000000)
  region size 4096K, 4 young (16384K), 1 survivors (4096K)
 Metaspace       used 38166K, committed 38592K, reserved 1089536K
  class space    used 5048K, committed 5248K, reserved 1048576K
GC Heap History (14 events):
Event: 0.346 GC heap before
{Heap before GC invocations=0 (full 0):
 garbage-first heap   total 532480K, used 28628K [0x0000000600000000, 0x0000000800000000)
  region size 4096K, 6 young (24576K), 0 survivors (0K)
 Metaspace       used 5324K, committed 5504K, reserved 1056768K
  class space    used 678K, committed 768K, reserved 1048576K
}
Event: 0.349 GC heap after
{Heap after GC invocations=1 (full 0):
 garbage-first heap   total 532480K, used 9361K [0x0000000600000000, 0x0000000800000000)
  region size 4096K, 1 young (4096K), 1 survivors (4096K)
 Metaspace       used 5324K, committed 5504K, reserved 1056768K
  class space    used 678K, committed 768K, reserved 1048576K
}
Event: 0.612 GC heap before
{Heap before GC invocations=1 (full 0):
 garbage-first heap   total 532480K, used 29841K [0x0000000600000000, 0x0000000800000000)
  region size 4096K, 6 young (24576K), 1 survivors (4096K)
 Metaspace       used 10737K, committed 10880K, reserved 1064960K
  class space    used 1400K, committed 1472K, reserved 1048576K
}
Event: 0.616 GC heap after
{Heap after GC invocations=2 (full 0):
 garbage-first heap   total 532480K, used 11106K [0x0000000600000000, 0x0000000800000000)
  region size 4096K, 1 young (4096K), 1 survivors (4096K)
 Metaspace       used 10737K, committed 10880K, reserved 1064960K
  class space    used 1400K, committed 1472K, reserved 1048576K
}
Event: 1.204 GC heap before
{Heap before GC invocations=2 (full 0):
 garbage-first heap   total 532480K, used 60258K [0x0000000600000000, 0x0000000800000000)
  region size 4096K, 13 young (53248K), 1 survivors (4096K)
 Metaspace       used 20729K, committed 21120K, reserved 1073152K
  class space    used 2701K, committed 2880K, reserved 1048576K
}
Event: 1.208 GC heap after
{Heap after GC invocations=3 (full 0):
 garbage-first heap   total 532480K, used 14819K [0x0000000600000000, 0x0000000800000000)
  region size 4096K, 2 young (8192K), 2 survivors (8192K)
 Metaspace       used 20729K, committed 21120K, reserved 1073152K
  class space    used 2701K, committed 2880K, reserved 1048576K
}
Event: 1.216 GC heap before
{Heap before GC invocations=3 (full 0):
 garbage-first heap   total 532480K, used 14819K [0x0000000600000000, 0x0000000800000000)
  region size 4096K, 3 young (12288K), 2 survivors (8192K)
 Metaspace       used 21134K, committed 21504K, reserved 1073152K
  class space    used 2733K, committed 2944K, reserved 1048576K
}
Event: 1.219 GC heap after
{Heap after GC invocations=4 (full 0):
 garbage-first heap   total 532480K, used 14999K [0x0000000600000000, 0x0000000800000000)
  region size 4096K, 2 young (8192K), 2 survivors (8192K)
 Metaspace       used 21134K, committed 21504K, reserved 1073152K
  class space    used 2733K, committed 2944K, reserved 1048576K
}
Event: 1.706 GC heap before
{Heap before GC invocations=5 (full 0):
 garbage-first heap   total 98304K, used 64151K [0x0000000600000000, 0x0000000800000000)
  region size 4096K, 14 young (57344K), 2 survivors (8192K)
 Metaspace       used 30888K, committed 31232K, reserved 1081344K
  class space    used 4130K, committed 4288K, reserved 1048576K
}
Event: 1.710 GC heap after
{Heap after GC invocations=6 (full 0):
 garbage-first heap   total 98304K, used 18516K [0x0000000600000000, 0x0000000800000000)
  region size 4096K, 2 young (8192K), 2 survivors (8192K)
 Metaspace       used 30888K, committed 31232K, reserved 1081344K
  class space    used 4130K, committed 4288K, reserved 1048576K
}
Event: 1.934 GC heap before
{Heap before GC invocations=6 (full 0):
 garbage-first heap   total 98304K, used 22612K [0x0000000600000000, 0x0000000800000000)
  region size 4096K, 3 young (12288K), 2 survivors (8192K)
 Metaspace       used 34261K, committed 34688K, reserved 1081344K
  class space    used 4550K, committed 4736K, reserved 1048576K
}
Event: 1.939 GC heap after
{Heap after GC invocations=7 (full 0):
 garbage-first heap   total 98304K, used 19584K [0x0000000600000000, 0x0000000800000000)
  region size 4096K, 1 young (4096K), 1 survivors (4096K)
 Metaspace       used 34261K, committed 34688K, reserved 1081344K
  class space    used 4550K, committed 4736K, reserved 1048576K
}
Event: 2.087 GC heap before
{Heap before GC invocations=7 (full 0):
 garbage-first heap   total 98304K, used 23680K [0x0000000600000000, 0x0000000800000000)
  region size 4096K, 3 young (12288K), 1 survivors (4096K)
 Metaspace       used 35810K, committed 36160K, reserved 1081344K
  class space    used 4745K, committed 4928K, reserved 1048576K
}
Event: 2.088 GC heap after
{Heap after GC invocations=8 (full 0):
 garbage-first heap   total 98304K, used 19552K [0x0000000600000000, 0x0000000800000000)
  region size 4096K, 1 young (4096K), 1 survivors (4096K)
 Metaspace       used 35810K, committed 36160K, reserved 1081344K
  class space    used 4745K, committed 4928K, reserved 1048576K
}

