# JRE version: Java(TM) SE Runtime Environment (17.0.7+8) (build 17.0.7+8-LTS-224)
# Java VM: Java HotSpot(TM) 64-Bit Server VM (17.0.7+8-LTS-224, mixed mode, sharing, tiered, compressed oops, compressed class ptrs, g1 gc, bsd-amd64)
GC Precious Log:
 CPUs: 16 total, 16 available
 Memory: 32768M
 Large Page Support: Disabled
 NUMA Support: Disabled
 Compressed Oops: Enabled (Zero based)
 Heap Region Size: 4M
 Heap Min Capacity: 8M
 Heap Initial Capacity: 512M
 Heap Max Capacity: 8G
 Pre-touch: Disabled
 Parallel Workers: 13
 Concurrent Workers: 3
 Concurrent Refinement Workers: 13
 Periodic GC: Disabled
Heap:
 garbage-first heap   total 110592K, used 27657K [0x0000000600000000, 0x0000000800000000)
  region size 4096K, 4 young (16384K), 1 survivors (4096K)
 Metaspace       used 38122K, committed 38528K, reserved 1089536K
  class space    used 5047K, committed 5248K, reserved 1048576K
GC Heap History (12 events):
Event: 0.364 GC heap before
{Heap before GC invocations=0 (full 0):
 garbage-first heap   total 532480K, used 28628K [0x0000000600000000, 0x0000000800000000)
  region size 4096K, 6 young (24576K), 0 survivors (0K)
 Metaspace       used 5610K, committed 5760K, reserved 1056768K
  class space    used 713K, committed 768K, reserved 1048576K
}
Event: 0.369 GC heap after
{Heap after GC invocations=1 (full 0):
 garbage-first heap   total 532480K, used 9364K [0x0000000600000000, 0x0000000800000000)
  region size 4096K, 1 young (4096K), 1 survivors (4096K)
 Metaspace       used 5610K, committed 5760K, reserved 1056768K
  class space    used 713K, committed 768K, reserved 1048576K
}
Event: 0.615 GC heap before
{Heap before GC invocations=1 (full 0):
 garbage-first heap   total 532480K, used 29844K [0x0000000600000000, 0x0000000800000000)
  region size 4096K, 6 young (24576K), 1 survivors (4096K)
 Metaspace       used 10987K, committed 11200K, reserved 1064960K
  class space    used 1448K, committed 1536K, reserved 1048576K
}
Event: 0.619 GC heap after
{Heap after GC invocations=2 (full 0):
 garbage-first heap   total 532480K, used 11165K [0x0000000600000000, 0x0000000800000000)
  region size 4096K, 1 young (4096K), 1 survivors (4096K)
 Metaspace       used 10987K, committed 11200K, reserved 1064960K
  class space    used 1448K, committed 1536K, reserved 1048576K
}
Event: 1.132 GC heap before
{Heap before GC invocations=2 (full 0):
 garbage-first heap   total 532480K, used 56221K [0x0000000600000000, 0x0000000800000000)
  region size 4096K, 13 young (53248K), 1 survivors (4096K)
 Metaspace       used 21173K, committed 21504K, reserved 1073152K
  class space    used 2742K, committed 2944K, reserved 1048576K
}
Event: 1.137 GC heap after
{Heap after GC invocations=3 (full 0):
 garbage-first heap   total 532480K, used 14806K [0x0000000600000000, 0x0000000800000000)
  region size 4096K, 2 young (8192K), 2 survivors (8192K)
 Metaspace       used 21173K, committed 21504K, reserved 1073152K
  class space    used 2742K, committed 2944K, reserved 1048576K
}
Event: 1.852 GC heap before
{Heap before GC invocations=4 (full 0):
 garbage-first heap   total 98304K, used 63958K [0x0000000600000000, 0x0000000800000000)
  region size 4096K, 14 young (57344K), 2 survivors (8192K)
 Metaspace       used 34233K, committed 34688K, reserved 1081344K
  class space    used 4551K, committed 4736K, reserved 1048576K
}
Event: 1.859 GC heap after
{Heap after GC invocations=5 (full 0):
 garbage-first heap   total 98304K, used 19156K [0x0000000600000000, 0x0000000800000000)
  region size 4096K, 2 young (8192K), 2 survivors (8192K)
 Metaspace       used 34233K, committed 34688K, reserved 1081344K
  class space    used 4551K, committed 4736K, reserved 1048576K
}
Event: 1.932 GC heap before
{Heap before GC invocations=5 (full 0):
 garbage-first heap   total 98304K, used 23252K [0x0000000600000000, 0x0000000800000000)
  region size 4096K, 3 young (12288K), 2 survivors (8192K)
 Metaspace       used 34934K, committed 35328K, reserved 1081344K
  class space    used 4652K, committed 4864K, reserved 1048576K
}
Event: 1.938 GC heap after
{Heap after GC invocations=6 (full 0):
 garbage-first heap   total 98304K, used 20232K [0x0000000600000000, 0x0000000800000000)
  region size 4096K, 1 young (4096K), 1 survivors (4096K)
 Metaspace       used 34934K, committed 35328K, reserved 1081344K
  class space    used 4652K, committed 4864K, reserved 1048576K
}
Event: 1.981 GC heap before
{Heap before GC invocations=6 (full 0):
 garbage-first heap   total 98304K, used 20232K [0x0000000600000000, 0x0000000800000000)
  region size 4096K, 2 young (8192K), 1 survivors (4096K)
 Metaspace       used 35742K, committed 36096K, reserved 1081344K
  class space    used 4743K, committed 4928K, reserved 1048576K
}
Event: 1.982 GC heap after
{Heap after GC invocations=7 (full 0):
 garbage-first heap   total 311296K, used 19465K [0x0000000600000000, 0x0000000800000000)
  region size 4096K, 1 young (4096K), 1 survivors (4096K)
 Metaspace       used 35742K, committed 36096K, reserved 1081344K
  class space    used 4743K, committed 4928K, reserved 1048576K
}

